09-Sep-2022 20:08:11.993 INFO [main] org.apache.catalina.startup.VersionLoggerListener.log Server version name:   Apache Tomcat/9.0.65
09-Sep-2022 20:08:11.997 INFO [main] org.apache.catalina.startup.VersionLoggerListener.log Server built:          Jul 14 2022 12:28:53 UTC
09-Sep-2022 20:08:11.997 INFO [main] org.apache.catalina.startup.VersionLoggerListener.log Server version number: 9.0.65.0
09-Sep-2022 20:08:11.997 INFO [main] org.apache.catalina.startup.VersionLoggerListener.log OS Name:               Linux
09-Sep-2022 20:08:11.997 INFO [main] org.apache.catalina.startup.VersionLoggerListener.log OS Version:            5.15.0-47-generic
09-Sep-2022 20:08:11.997 INFO [main] org.apache.catalina.startup.VersionLoggerListener.log Architecture:          amd64
09-Sep-2022 20:08:11.997 INFO [main] org.apache.catalina.startup.VersionLoggerListener.log Java Home:             /home/kiro/SQE-TA-Fall-2022/jdk1.8.0_202/jre
09-Sep-2022 20:08:11.997 INFO [main] org.apache.catalina.startup.VersionLoggerListener.log JVM Version:           1.8.0_202-b08
09-Sep-2022 20:08:11.997 INFO [main] org.apache.catalina.startup.VersionLoggerListener.log JVM Vendor:            Oracle Corporation
09-Sep-2022 20:08:11.997 INFO [main] org.apache.catalina.startup.VersionLoggerListener.log CATALINA_BASE:         /home/kiro/SQE-TA-Fall-2022/apache-tomcat-9.0.65
09-Sep-2022 20:08:11.997 INFO [main] org.apache.catalina.startup.VersionLoggerListener.log CATALINA_HOME:         /home/kiro/SQE-TA-Fall-2022/apache-tomcat-9.0.65
09-Sep-2022 20:08:12.000 INFO [main] org.apache.catalina.startup.VersionLoggerListener.log Command line argument: -Djava.util.logging.config.file=/home/kiro/SQE-TA-Fall-2022/apache-tomcat-9.0.65/conf/logging.properties
09-Sep-2022 20:08:12.000 INFO [main] org.apache.catalina.startup.VersionLoggerListener.log Command line argument: -Djava.util.logging.manager=org.apache.juli.ClassLoaderLogManager
09-Sep-2022 20:08:12.000 INFO [main] org.apache.catalina.startup.VersionLoggerListener.log Command line argument: -Djdk.tls.ephemeralDHKeySize=2048
09-Sep-2022 20:08:12.000 INFO [main] org.apache.catalina.startup.VersionLoggerListener.log Command line argument: -Djava.protocol.handler.pkgs=org.apache.catalina.webresources
09-Sep-2022 20:08:12.001 INFO [main] org.apache.catalina.startup.VersionLoggerListener.log Command line argument: -Dorg.apache.catalina.security.SecurityListener.UMASK=0027
09-Sep-2022 20:08:12.001 INFO [main] org.apache.catalina.startup.VersionLoggerListener.log Command line argument: -Dignore.endorsed.dirs=
09-Sep-2022 20:08:12.001 INFO [main] org.apache.catalina.startup.VersionLoggerListener.log Command line argument: -Dcatalina.base=/home/kiro/SQE-TA-Fall-2022/apache-tomcat-9.0.65
09-Sep-2022 20:08:12.001 INFO [main] org.apache.catalina.startup.VersionLoggerListener.log Command line argument: -Dcatalina.home=/home/kiro/SQE-TA-Fall-2022/apache-tomcat-9.0.65
09-Sep-2022 20:08:12.001 INFO [main] org.apache.catalina.startup.VersionLoggerListener.log Command line argument: -Djava.io.tmpdir=/home/kiro/SQE-TA-Fall-2022/apache-tomcat-9.0.65/temp
09-Sep-2022 20:08:12.002 INFO [main] org.apache.catalina.core.AprLifecycleListener.lifecycleEvent The Apache Tomcat Native library which allows using OpenSSL was not found on the java.library.path: [/usr/java/packages/lib/amd64:/usr/lib64:/lib64:/lib:/usr/lib]
09-Sep-2022 20:08:12.257 INFO [main] org.apache.coyote.AbstractProtocol.init Initializing ProtocolHandler ["http-nio-8080"]
09-Sep-2022 20:08:12.271 INFO [main] org.apache.catalina.startup.Catalina.load Server initialization in [425] milliseconds
09-Sep-2022 20:08:12.289 INFO [main] org.apache.catalina.core.StandardService.startInternal Starting service [Catalina]
09-Sep-2022 20:08:12.290 INFO [main] org.apache.catalina.core.StandardEngine.startInternal Starting Servlet engine: [Apache Tomcat/9.0.65]
09-Sep-2022 20:08:12.295 INFO [main] org.apache.catalina.startup.HostConfig.deployDirectory Deploying web application directory [/home/kiro/SQE-TA-Fall-2022/apache-tomcat-9.0.65/webapps/host-manager]
09-Sep-2022 20:08:12.440 INFO [main] org.apache.catalina.startup.HostConfig.deployDirectory Deployment of web application directory [/home/kiro/SQE-TA-Fall-2022/apache-tomcat-9.0.65/webapps/host-manager] has finished in [144] ms
09-Sep-2022 20:08:12.440 INFO [main] org.apache.catalina.startup.HostConfig.deployDirectory Deploying web application directory [/home/kiro/SQE-TA-Fall-2022/apache-tomcat-9.0.65/webapps/manager]
09-Sep-2022 20:08:12.453 INFO [main] org.apache.catalina.startup.HostConfig.deployDirectory Deployment of web application directory [/home/kiro/SQE-TA-Fall-2022/apache-tomcat-9.0.65/webapps/manager] has finished in [13] ms
09-Sep-2022 20:08:12.453 INFO [main] org.apache.catalina.startup.HostConfig.deployDirectory Deploying web application directory [/home/kiro/SQE-TA-Fall-2022/apache-tomcat-9.0.65/webapps/docs]
09-Sep-2022 20:08:12.462 INFO [main] org.apache.catalina.startup.HostConfig.deployDirectory Deployment of web application directory [/home/kiro/SQE-TA-Fall-2022/apache-tomcat-9.0.65/webapps/docs] has finished in [9] ms
09-Sep-2022 20:08:12.462 INFO [main] org.apache.catalina.startup.HostConfig.deployDirectory Deploying web application directory [/home/kiro/SQE-TA-Fall-2022/apache-tomcat-9.0.65/webapps/ROOT]
09-Sep-2022 20:08:12.471 INFO [main] org.apache.catalina.startup.HostConfig.deployDirectory Deployment of web application directory [/home/kiro/SQE-TA-Fall-2022/apache-tomcat-9.0.65/webapps/ROOT] has finished in [8] ms
09-Sep-2022 20:08:12.471 INFO [main] org.apache.catalina.startup.HostConfig.deployDirectory Deploying web application directory [/home/kiro/SQE-TA-Fall-2022/apache-tomcat-9.0.65/webapps/examples]
09-Sep-2022 20:08:12.603 INFO [main] org.apache.catalina.startup.HostConfig.deployDirectory Deployment of web application directory [/home/kiro/SQE-TA-Fall-2022/apache-tomcat-9.0.65/webapps/examples] has finished in [131] ms
09-Sep-2022 20:08:12.604 INFO [main] org.apache.coyote.AbstractProtocol.start Starting ProtocolHandler ["http-nio-8080"]
09-Sep-2022 20:08:12.614 INFO [main] org.apache.catalina.startup.Catalina.start Server startup in [343] milliseconds
09-Sep-2022 20:11:12.667 INFO [Catalina-utility-1] org.apache.catalina.startup.HostConfig.deployDirectory Deploying web application directory [/home/kiro/SQE-TA-Fall-2022/apache-tomcat-9.0.65/webapps/test]
09-Sep-2022 20:11:13.758 INFO [Catalina-utility-1] org.apache.jasper.servlet.TldScanner.scanJars At least one JAR was scanned for TLDs yet contained no TLDs. Enable debug logging for this logger for a complete list of JARs that were scanned but no TLDs were found in them. Skipping unneeded JARs during scanning can improve startup time and JSP compilation time.
09-Sep-2022 20:11:45.042 INFO [http-nio-8080-exec-3] org.apache.catalina.core.StandardContext.reload Reloading Context with name [/test] has started
09-Sep-2022 20:11:45.042 INFO [Catalina-utility-1] org.apache.catalina.startup.HostConfig.deployDirectory Deployment of web application directory [/home/kiro/SQE-TA-Fall-2022/apache-tomcat-9.0.65/webapps/test] has finished in [32,375] ms
09-Sep-2022 20:12:53.747 WARNING [http-nio-8080-exec-3] org.apache.catalina.loader.WebappClassLoaderBase.clearReferencesJdbc The web application [test] registered the JDBC driver [org.apache.derby.jdbc.AutoloadedDriver] but failed to unregister it when the web application was stopped. To prevent a memory leak, the JDBC Driver has been forcibly unregistered.
09-Sep-2022 20:12:53.748 WARNING [http-nio-8080-exec-3] org.apache.catalina.loader.WebappClassLoaderBase.clearReferencesThreads The web application [test] appears to have started a thread named [Dispatcher-Thread-4] but has failed to stop it. This is very likely to create a memory leak. Stack trace of thread:
 java.lang.Object.wait(Native Method)
 java.lang.Object.wait(Object.java:502)
 org.apache.log4j.AsyncAppender$Dispatcher.run(AsyncAppender.java:540)
 java.lang.Thread.run(Thread.java:748)
09-Sep-2022 20:12:54.618 INFO [http-nio-8080-exec-3] org.apache.jasper.servlet.TldScanner.scanJars At least one JAR was scanned for TLDs yet contained no TLDs. Enable debug logging for this logger for a complete list of JARs that were scanned but no TLDs were found in them. Skipping unneeded JARs during scanning can improve startup time and JSP compilation time.
09-Sep-2022 20:13:15.317 INFO [http-nio-8080-exec-3] org.apache.catalina.core.StandardContext.reload Reloading Context with name [/test] is completed
09-Sep-2022 20:20:12.067 INFO [main] org.apache.catalina.core.StandardServer.await A valid shutdown command was received via the shutdown port. Stopping the Server instance.
09-Sep-2022 20:20:12.067 INFO [main] org.apache.coyote.AbstractProtocol.pause Pausing ProtocolHandler ["http-nio-8080"]
09-Sep-2022 20:20:12.068 INFO [main] org.apache.catalina.core.StandardService.stopInternal Stopping service [Catalina]
09-Sep-2022 20:20:12.078 INFO [main] org.apache.catalina.core.StandardWrapper.unload Waiting for [1] instance(s) to be deallocated for Servlet [dwr-invoker]
09-Sep-2022 20:20:13.080 INFO [main] org.apache.catalina.core.StandardWrapper.unload Waiting for [1] instance(s) to be deallocated for Servlet [dwr-invoker]
09-Sep-2022 20:20:14.086 WARNING [main] org.apache.catalina.loader.WebappClassLoaderBase.clearReferencesJdbc The web application [test] registered the JDBC driver [org.apache.derby.jdbc.AutoloadedDriver] but failed to unregister it when the web application was stopped. To prevent a memory leak, the JDBC Driver has been forcibly unregistered.
09-Sep-2022 20:20:14.087 WARNING [main] org.apache.catalina.loader.WebappClassLoaderBase.clearReferencesThreads The web application [test] appears to have started a thread named [Dispatcher-Thread-7] but has failed to stop it. This is very likely to create a memory leak. Stack trace of thread:
 java.lang.Object.wait(Native Method)
 java.lang.Object.wait(Object.java:502)
 org.apache.log4j.AsyncAppender$Dispatcher.run(AsyncAppender.java:540)
 java.lang.Thread.run(Thread.java:748)
09-Sep-2022 20:20:14.096 INFO [main] org.apache.coyote.AbstractProtocol.stop Stopping ProtocolHandler ["http-nio-8080"]
09-Sep-2022 20:20:14.104 INFO [main] org.apache.coyote.AbstractProtocol.destroy Destroying ProtocolHandler ["http-nio-8080"]
