19-Nov-2022 18:45:57.179 INFO [main] org.apache.catalina.startup.VersionLoggerListener.log Server version name:   Apache Tomcat/9.0.65
19-Nov-2022 18:45:57.180 INFO [main] org.apache.catalina.startup.VersionLoggerListener.log Server built:          Jul 14 2022 12:28:53 UTC
19-Nov-2022 18:45:57.180 INFO [main] org.apache.catalina.startup.VersionLoggerListener.log Server version number: 9.0.65.0
19-Nov-2022 18:45:57.180 INFO [main] org.apache.catalina.startup.VersionLoggerListener.log OS Name:               Linux
19-Nov-2022 18:45:57.180 INFO [main] org.apache.catalina.startup.VersionLoggerListener.log OS Version:            5.15.0-53-generic
19-Nov-2022 18:45:57.180 INFO [main] org.apache.catalina.startup.VersionLoggerListener.log Architecture:          amd64
19-Nov-2022 18:45:57.180 INFO [main] org.apache.catalina.startup.VersionLoggerListener.log Java Home:             /home/kiro/SQE-TA-Fall-2022/jdk1.8.0_202/jre
19-Nov-2022 18:45:57.180 INFO [main] org.apache.catalina.startup.VersionLoggerListener.log JVM Version:           1.8.0_202-b08
19-Nov-2022 18:45:57.181 INFO [main] org.apache.catalina.startup.VersionLoggerListener.log JVM Vendor:            Oracle Corporation
19-Nov-2022 18:45:57.181 INFO [main] org.apache.catalina.startup.VersionLoggerListener.log CATALINA_BASE:         /home/kiro/SQE-TA-Fall-2022/apache-tomcat-9.0.65
19-Nov-2022 18:45:57.181 INFO [main] org.apache.catalina.startup.VersionLoggerListener.log CATALINA_HOME:         /home/kiro/SQE-TA-Fall-2022/apache-tomcat-9.0.65
19-Nov-2022 18:45:57.181 INFO [main] org.apache.catalina.startup.VersionLoggerListener.log Command line argument: -Djava.util.logging.config.file=/home/kiro/SQE-TA-Fall-2022/apache-tomcat-9.0.65/conf/logging.properties
19-Nov-2022 18:45:57.181 INFO [main] org.apache.catalina.startup.VersionLoggerListener.log Command line argument: -Djava.util.logging.manager=org.apache.juli.ClassLoaderLogManager
19-Nov-2022 18:45:57.181 INFO [main] org.apache.catalina.startup.VersionLoggerListener.log Command line argument: -Djdk.tls.ephemeralDHKeySize=2048
19-Nov-2022 18:45:57.182 INFO [main] org.apache.catalina.startup.VersionLoggerListener.log Command line argument: -Djava.protocol.handler.pkgs=org.apache.catalina.webresources
19-Nov-2022 18:45:57.182 INFO [main] org.apache.catalina.startup.VersionLoggerListener.log Command line argument: -Dorg.apache.catalina.security.SecurityListener.UMASK=0027
19-Nov-2022 18:45:57.182 INFO [main] org.apache.catalina.startup.VersionLoggerListener.log Command line argument: -Dignore.endorsed.dirs=
19-Nov-2022 18:45:57.182 INFO [main] org.apache.catalina.startup.VersionLoggerListener.log Command line argument: -Dcatalina.base=/home/kiro/SQE-TA-Fall-2022/apache-tomcat-9.0.65
19-Nov-2022 18:45:57.182 INFO [main] org.apache.catalina.startup.VersionLoggerListener.log Command line argument: -Dcatalina.home=/home/kiro/SQE-TA-Fall-2022/apache-tomcat-9.0.65
19-Nov-2022 18:45:57.182 INFO [main] org.apache.catalina.startup.VersionLoggerListener.log Command line argument: -Djava.io.tmpdir=/home/kiro/SQE-TA-Fall-2022/apache-tomcat-9.0.65/temp
19-Nov-2022 18:45:57.183 INFO [main] org.apache.catalina.core.AprLifecycleListener.lifecycleEvent The Apache Tomcat Native library which allows using OpenSSL was not found on the java.library.path: [/usr/java/packages/lib/amd64:/usr/lib64:/lib64:/lib:/usr/lib]
19-Nov-2022 18:45:57.420 INFO [main] org.apache.coyote.AbstractProtocol.init Initializing ProtocolHandler ["http-nio-8080"]
19-Nov-2022 18:45:57.436 INFO [main] org.apache.catalina.startup.Catalina.load Server initialization in [370] milliseconds
19-Nov-2022 18:45:57.459 INFO [main] org.apache.catalina.core.StandardService.startInternal Starting service [Catalina]
19-Nov-2022 18:45:57.459 INFO [main] org.apache.catalina.core.StandardEngine.startInternal Starting Servlet engine: [Apache Tomcat/9.0.65]
19-Nov-2022 18:45:57.465 INFO [main] org.apache.catalina.startup.HostConfig.deployDirectory Deploying web application directory [/home/kiro/SQE-TA-Fall-2022/apache-tomcat-9.0.65/webapps/host-manager]
19-Nov-2022 18:45:57.626 INFO [main] org.apache.catalina.startup.HostConfig.deployDirectory Deployment of web application directory [/home/kiro/SQE-TA-Fall-2022/apache-tomcat-9.0.65/webapps/host-manager] has finished in [160] ms
19-Nov-2022 18:45:57.626 INFO [main] org.apache.catalina.startup.HostConfig.deployDirectory Deploying web application directory [/home/kiro/SQE-TA-Fall-2022/apache-tomcat-9.0.65/webapps/test]
19-Nov-2022 18:45:58.834 INFO [main] org.apache.jasper.servlet.TldScanner.scanJars At least one JAR was scanned for TLDs yet contained no TLDs. Enable debug logging for this logger for a complete list of JARs that were scanned but no TLDs were found in them. Skipping unneeded JARs during scanning can improve startup time and JSP compilation time.
19-Nov-2022 18:46:01.732 INFO [main] org.apache.catalina.startup.HostConfig.deployDirectory Deployment of web application directory [/home/kiro/SQE-TA-Fall-2022/apache-tomcat-9.0.65/webapps/test] has finished in [4,106] ms
19-Nov-2022 18:46:01.732 INFO [main] org.apache.catalina.startup.HostConfig.deployDirectory Deploying web application directory [/home/kiro/SQE-TA-Fall-2022/apache-tomcat-9.0.65/webapps/manager]
19-Nov-2022 18:46:01.744 INFO [main] org.apache.catalina.startup.HostConfig.deployDirectory Deployment of web application directory [/home/kiro/SQE-TA-Fall-2022/apache-tomcat-9.0.65/webapps/manager] has finished in [12] ms
19-Nov-2022 18:46:01.744 INFO [main] org.apache.catalina.startup.HostConfig.deployDirectory Deploying web application directory [/home/kiro/SQE-TA-Fall-2022/apache-tomcat-9.0.65/webapps/docs]
19-Nov-2022 18:46:01.753 INFO [main] org.apache.catalina.startup.HostConfig.deployDirectory Deployment of web application directory [/home/kiro/SQE-TA-Fall-2022/apache-tomcat-9.0.65/webapps/docs] has finished in [9] ms
19-Nov-2022 18:46:01.754 INFO [main] org.apache.catalina.startup.HostConfig.deployDirectory Deploying web application directory [/home/kiro/SQE-TA-Fall-2022/apache-tomcat-9.0.65/webapps/ROOT]
19-Nov-2022 18:46:01.762 INFO [main] org.apache.catalina.startup.HostConfig.deployDirectory Deployment of web application directory [/home/kiro/SQE-TA-Fall-2022/apache-tomcat-9.0.65/webapps/ROOT] has finished in [8] ms
19-Nov-2022 18:46:01.762 INFO [main] org.apache.catalina.startup.HostConfig.deployDirectory Deploying web application directory [/home/kiro/SQE-TA-Fall-2022/apache-tomcat-9.0.65/webapps/examples]
19-Nov-2022 18:46:01.842 INFO [main] org.apache.catalina.startup.HostConfig.deployDirectory Deployment of web application directory [/home/kiro/SQE-TA-Fall-2022/apache-tomcat-9.0.65/webapps/examples] has finished in [80] ms
19-Nov-2022 18:46:01.845 INFO [main] org.apache.coyote.AbstractProtocol.start Starting ProtocolHandler ["http-nio-8080"]
19-Nov-2022 18:46:01.853 INFO [main] org.apache.catalina.startup.Catalina.start Server startup in [4416] milliseconds
19-Nov-2022 18:47:29.634 INFO [http-nio-8080-exec-3] org.apache.catalina.core.StandardContext.reload Reloading Context with name [/test] has started
19-Nov-2022 18:47:29.719 WARNING [http-nio-8080-exec-3] org.apache.catalina.loader.WebappClassLoaderBase.clearReferencesJdbc The web application [test] registered the JDBC driver [org.apache.derby.jdbc.AutoloadedDriver] but failed to unregister it when the web application was stopped. To prevent a memory leak, the JDBC Driver has been forcibly unregistered.
19-Nov-2022 18:47:29.720 WARNING [http-nio-8080-exec-3] org.apache.catalina.loader.WebappClassLoaderBase.clearReferencesThreads The web application [test] appears to have started a thread named [Dispatcher-Thread-3] but has failed to stop it. This is very likely to create a memory leak. Stack trace of thread:
 java.lang.Object.wait(Native Method)
 java.lang.Object.wait(Object.java:502)
 org.apache.log4j.AsyncAppender$Dispatcher.run(AsyncAppender.java:540)
 java.lang.Thread.run(Thread.java:748)
19-Nov-2022 18:47:30.655 INFO [http-nio-8080-exec-3] org.apache.jasper.servlet.TldScanner.scanJars At least one JAR was scanned for TLDs yet contained no TLDs. Enable debug logging for this logger for a complete list of JARs that were scanned but no TLDs were found in them. Skipping unneeded JARs during scanning can improve startup time and JSP compilation time.
19-Nov-2022 18:47:31.709 INFO [http-nio-8080-exec-3] org.apache.catalina.core.StandardContext.reload Reloading Context with name [/test] is completed
