09-Sep-2022 20:08:12.599 INFO [main] org.apache.catalina.core.ApplicationContext.log ContextListener: contextInitialized()
09-Sep-2022 20:08:12.599 INFO [main] org.apache.catalina.core.ApplicationContext.log SessionListener: contextInitialized()
09-Sep-2022 20:08:12.599 INFO [main] org.apache.catalina.core.ApplicationContext.log ContextListener: attributeAdded('StockTicker', 'async.Stockticker@609db43b')
09-Sep-2022 20:11:13.817 INFO [Catalina-utility-1] org.apache.catalina.core.ApplicationContext.log Initializing Spring root WebApplicationContext
09-Sep-2022 20:11:44.805 INFO [Catalina-utility-1] org.apache.catalina.core.ApplicationContext.log Initializing Spring FrameworkServlet 'springDispatcher'
09-Sep-2022 20:11:45.049 INFO [http-nio-8080-exec-3] org.apache.catalina.core.ApplicationContext.log Destroying Spring FrameworkServlet 'springDispatcher'
09-Sep-2022 20:12:53.740 INFO [http-nio-8080-exec-3] org.apache.catalina.core.ApplicationContext.log Closing Spring root WebApplicationContext
09-Sep-2022 20:12:54.674 INFO [http-nio-8080-exec-3] org.apache.catalina.core.ApplicationContext.log Initializing Spring root WebApplicationContext
09-Sep-2022 20:13:15.138 INFO [http-nio-8080-exec-3] org.apache.catalina.core.ApplicationContext.log Initializing Spring FrameworkServlet 'springDispatcher'
09-Sep-2022 20:20:12.072 INFO [main] org.apache.catalina.core.ApplicationContext.log SessionListener: contextDestroyed()
09-Sep-2022 20:20:12.072 INFO [main] org.apache.catalina.core.ApplicationContext.log ContextListener: contextDestroyed()
09-Sep-2022 20:20:13.598 SEVERE [http-nio-8080-exec-16] org.apache.catalina.core.ApplicationContext.log Error during mapping
	java.lang.NullPointerException
		at org.apache.catalina.mapper.Mapper.internalMapWrapper(Mapper.java:871)
		at org.apache.catalina.mapper.Mapper.map(Mapper.java:725)
		at org.apache.catalina.core.ApplicationContext.getRequestDispatcher(ApplicationContext.java:472)
		at org.apache.catalina.core.ApplicationContextFacade.getRequestDispatcher(ApplicationContextFacade.java:225)
		at org.apache.catalina.connector.Request.getRequestDispatcher(Request.java:1416)
		at org.apache.catalina.connector.RequestFacade.getRequestDispatcher(RequestFacade.java:614)
		at com.serotonin.web.content.ContentGenerator.generateContent(ContentGenerator.java:48)
		at com.serotonin.mango.web.dwr.BaseDwr.generateContent(BaseDwr.java:302)
		at com.serotonin.mango.web.dwr.BaseDwr.setMessages(BaseDwr.java:167)
		at com.serotonin.mango.web.dwr.WatchListDwr.createWatchListState(WatchListDwr.java:287)
		at com.serotonin.mango.web.dwr.WatchListDwr.getPointDataImpl(WatchListDwr.java:107)
		at com.serotonin.mango.web.dwr.WatchListDwr.getPointData(WatchListDwr.java:90)
		at com.serotonin.mango.web.dwr.MiscDwr.doLongPoll(MiscDwr.java:320)
		at sun.reflect.NativeMethodAccessorImpl.invoke0(Native Method)
		at sun.reflect.NativeMethodAccessorImpl.invoke(NativeMethodAccessorImpl.java:62)
		at sun.reflect.DelegatingMethodAccessorImpl.invoke(DelegatingMethodAccessorImpl.java:43)
		at java.lang.reflect.Method.invoke(Method.java:498)
		at org.directwebremoting.impl.ExecuteAjaxFilter.doFilter(ExecuteAjaxFilter.java:34)
		at org.directwebremoting.impl.DefaultRemoter$1.doFilter(DefaultRemoter.java:428)
		at com.serotonin.mango.web.dwr.util.LoggedInAjaxMethodFilter.doFilter(LoggedInAjaxMethodFilter.java:52)
		at org.directwebremoting.impl.DefaultRemoter$1.doFilter(DefaultRemoter.java:428)
		at com.serotonin.web.dwr.LocalizationFilter.doFilter(LocalizationFilter.java:42)
		at org.directwebremoting.impl.DefaultRemoter$1.doFilter(DefaultRemoter.java:428)
		at com.serotonin.mango.web.filter.ExceptionDetectionFilter.doFilter(ExceptionDetectionFilter.java:40)
		at org.directwebremoting.impl.DefaultRemoter$1.doFilter(DefaultRemoter.java:428)
		at org.directwebremoting.impl.DefaultRemoter.execute(DefaultRemoter.java:431)
		at org.directwebremoting.impl.DefaultRemoter.execute(DefaultRemoter.java:283)
		at org.directwebremoting.servlet.PlainCallHandler.handle(PlainCallHandler.java:52)
		at org.directwebremoting.servlet.UrlProcessor.handle(UrlProcessor.java:101)
		at org.directwebremoting.servlet.DwrServlet.doPost(DwrServlet.java:146)
		at javax.servlet.http.HttpServlet.service(HttpServlet.java:681)
		at javax.servlet.http.HttpServlet.service(HttpServlet.java:764)
		at org.apache.catalina.core.ApplicationFilterChain.internalDoFilter(ApplicationFilterChain.java:227)
		at org.apache.catalina.core.ApplicationFilterChain.doFilter(ApplicationFilterChain.java:162)
		at org.apache.tomcat.websocket.server.WsFilter.doFilter(WsFilter.java:53)
		at org.apache.catalina.core.ApplicationFilterChain.internalDoFilter(ApplicationFilterChain.java:189)
		at org.apache.catalina.core.ApplicationFilterChain.doFilter(ApplicationFilterChain.java:162)
		at org.apache.catalina.core.StandardWrapperValve.invoke(StandardWrapperValve.java:197)
		at org.apache.catalina.core.StandardContextValve.invoke(StandardContextValve.java:97)
		at org.apache.catalina.authenticator.AuthenticatorBase.invoke(AuthenticatorBase.java:541)
		at org.apache.catalina.core.StandardHostValve.invoke(StandardHostValve.java:135)
		at org.apache.catalina.valves.ErrorReportValve.invoke(ErrorReportValve.java:92)
		at org.apache.catalina.valves.AbstractAccessLogValve.invoke(AbstractAccessLogValve.java:687)
		at org.apache.catalina.core.StandardEngineValve.invoke(StandardEngineValve.java:78)
		at org.apache.catalina.connector.CoyoteAdapter.service(CoyoteAdapter.java:360)
		at org.apache.coyote.http11.Http11Processor.service(Http11Processor.java:399)
		at org.apache.coyote.AbstractProcessorLight.process(AbstractProcessorLight.java:65)
		at org.apache.coyote.AbstractProtocol$ConnectionHandler.process(AbstractProtocol.java:890)
		at org.apache.tomcat.util.net.NioEndpoint$SocketProcessor.doRun(NioEndpoint.java:1789)
		at org.apache.tomcat.util.net.SocketProcessorBase.run(SocketProcessorBase.java:49)
		at org.apache.tomcat.util.threads.ThreadPoolExecutor.runWorker(ThreadPoolExecutor.java:1191)
		at org.apache.tomcat.util.threads.ThreadPoolExecutor$Worker.run(ThreadPoolExecutor.java:659)
		at org.apache.tomcat.util.threads.TaskThread$WrappingRunnable.run(TaskThread.java:61)
		at java.lang.Thread.run(Thread.java:748)
09-Sep-2022 20:20:13.682 INFO [main] org.apache.catalina.core.ApplicationContext.log Destroying Spring FrameworkServlet 'springDispatcher'
09-Sep-2022 20:20:14.083 INFO [main] org.apache.catalina.core.ApplicationContext.log Closing Spring root WebApplicationContext
